#
# There is insufficient memory for the Java Runtime Environment to continue.
# Native memory allocation (malloc) failed to allocate 1398512 bytes. Error detail: Chunk::new
# Possible reasons:
#   The system is out of physical RAM or swap space
#   This process is running with CompressedOops enabled, and the Java Heap may be blocking the growth of the native heap
# Possible solutions:
#   Reduce memory load on the system
#   Increase physical memory or swap space
#   Check if swap backing store is full
#   Decrease Java heap size (-Xmx/-Xms)
#   Decrease number of Java threads
#   Decrease Java thread stack sizes (-Xss)
#   Set larger code cache with -XX:ReservedCodeCacheSize=
#   JVM is running with Unscaled Compressed Oops mode in which the Java heap is
#     placed in the first 4GB address space. The Java Heap base address is the
#     maximum limit for the native heap growth. Please use -XX:HeapBaseMinAddress
#     to set the Java Heap base and to place the Java Heap above 4GB virtual address.
# This output file may be truncated or incomplete.
#
#  Out of Memory Error (arena.cpp:191), pid=14936, tid=6684
#
# JRE version: OpenJDK Runtime Environment Temurin-17.0.11+9 (17.0.11+9) (build 17.0.11+9)
# Java VM: OpenJDK 64-Bit Server VM Temurin-17.0.11+9 (17.0.11+9, mixed mode, tiered, compressed oops, compressed class ptrs, parallel gc, windows-amd64)
# No core dump will be written. Minidumps are not enabled by default on client versions of Windows
#

---------------  S U M M A R Y ------------

Command Line: --add-modules=ALL-SYSTEM --add-opens=java.base/java.util=ALL-UNNAMED --add-opens=java.base/java.lang=ALL-UNNAMED --add-opens=java.base/sun.nio.fs=ALL-UNNAMED -Declipse.application=org.eclipse.jdt.ls.core.id1 -Dosgi.bundles.defaultStartLevel=4 -Declipse.product=org.eclipse.jdt.ls.core.product -Djava.import.generatesMetadataFilesAtProjectRoot=false -DDetectVMInstallationsJob.disabled=true -Dfile.encoding=utf8 -XX:+UseParallelGC -XX:GCTimeRatio=4 -XX:AdaptiveSizePolicyWeight=90 -Dsun.zip.disableMemoryMapping=true -Xmx1G -Xms100m -Xlog:disable -javaagent:c:\Users\dell\.vscode\extensions\redhat.java-1.32.0-win32-x64\lombok\lombok-1.18.33.jar -XX:+HeapDumpOnOutOfMemoryError -XX:HeapDumpPath=c:\Users\dell\AppData\Roaming\Code\User\workspaceStorage\d8ac69a32e3736e8fb0ee41403a71f22\redhat.java -Daether.dependencyCollector.impl=bf c:\Users\dell\.vscode\extensions\redhat.java-1.32.0-win32-x64\server\plugins\org.eclipse.equinox.launcher_1.6.900.v20240613-2009.jar -configuration c:\Users\dell\AppData\Roaming\Code\User\globalStorage\redhat.java\1.32.0\config_win -data c:\Users\dell\AppData\Roaming\Code\User\workspaceStorage\d8ac69a32e3736e8fb0ee41403a71f22\redhat.java\jdt_ws --pipe=\\.\pipe\lsp-e60f3905add418359f52ac4190a1ccba-sock

Host: Intel(R) Core(TM) i7-7500U CPU @ 2.70GHz, 4 cores, 7G,  Windows 10 , 64 bit Build 19041 (10.0.19041.4597)
Time: Tue Jul 30 16:33:07 2024 India Standard Time elapsed time: 50.188892 seconds (0d 0h 0m 50s)

---------------  T H R E A D  ---------------

Current thread (0x0000023aa20982f0):  JavaThread "C2 CompilerThread0" daemon [_thread_in_native, id=6684, stack(0x000000a342900000,0x000000a342a00000)]


Current CompileTask:
C2:  50188 6925   !   4       org.eclipse.osgi.internal.loader.classpath.ClasspathManager::defineClass (636 bytes)

Stack: [0x000000a342900000,0x000000a342a00000]
Native frames: (J=compiled Java code, j=interpreted, Vv=VM code, C=native code)
V  [jvm.dll+0x67d429]
V  [jvm.dll+0x834b7a]
V  [jvm.dll+0x83663e]
V  [jvm.dll+0x836ca3]
V  [jvm.dll+0x247dbf]
V  [jvm.dll+0xac534]
V  [jvm.dll+0xacb7c]
V  [jvm.dll+0x366647]
V  [jvm.dll+0x330bba]
V  [jvm.dll+0x33005a]
V  [jvm.dll+0x21a471]
V  [jvm.dll+0x2198b1]
V  [jvm.dll+0x1a534d]
V  [jvm.dll+0x2295cd]
V  [jvm.dll+0x22779c]
V  [jvm.dll+0x7e9d07]
V  [jvm.dll+0x7e410a]
V  [jvm.dll+0x67c315]
C  [ucrtbase.dll+0x21bb2]
C  [KERNEL32.DLL+0x17374]
C  [ntdll.dll+0x4cc91]


---------------  P R O C E S S  ---------------

Threads class SMR info:
_java_thread_list=0x0000023aaa5230c0, length=44, elements={
0x0000023a8c2c7160, 0x0000023a8c37e780, 0x0000023aa2069f80, 0x0000023aa208ff20,
0x0000023aa2090bb0, 0x0000023aa2091940, 0x0000023aa2097640, 0x0000023aa20982f0,
0x0000023aa20baeb0, 0x0000023aa20bdb80, 0x0000023aa72c4a80, 0x0000023aa760ea10,
0x0000023aa7ad04c0, 0x0000023aa7a28e30, 0x0000023aa7cde5e0, 0x0000023aa7f82840,
0x0000023aa7ca4060, 0x0000023aa7993f00, 0x0000023aa7994410, 0x0000023aa7994920,
0x0000023aa79934e0, 0x0000023aa7995d60, 0x0000023aa7995340, 0x0000023aa7996270,
0x0000023aa7996780, 0x0000023aa7992fd0, 0x0000023aa8402ba0, 0x0000023aa8403fe0,
0x0000023aa8401760, 0x0000023aa8401250, 0x0000023aa8405420, 0x0000023aa8402180,
0x0000023aa8400830, 0x0000023aa84030b0, 0x0000023aa84035c0, 0x0000023aa8402690,
0x0000023aa83ffe10, 0x0000023aa83feee0, 0x0000023aa8401c70, 0x0000023aa8405e40,
0x0000023aa8404f10, 0x0000023aa8405930, 0x0000023aa8403ad0, 0x0000023aa83fe9d0
}

Java Threads: ( => current thread )
  0x0000023a8c2c7160 JavaThread "main" [_thread_blocked, id=3852, stack(0x000000a342000000,0x000000a342100000)]
  0x0000023a8c37e780 JavaThread "Reference Handler" daemon [_thread_blocked, id=10716, stack(0x000000a342300000,0x000000a342400000)]
  0x0000023aa2069f80 JavaThread "Finalizer" daemon [_thread_blocked, id=13416, stack(0x000000a342400000,0x000000a342500000)]
  0x0000023aa208ff20 JavaThread "Signal Dispatcher" daemon [_thread_blocked, id=11948, stack(0x000000a342500000,0x000000a342600000)]
  0x0000023aa2090bb0 JavaThread "Attach Listener" daemon [_thread_blocked, id=1832, stack(0x000000a342600000,0x000000a342700000)]
  0x0000023aa2091940 JavaThread "Service Thread" daemon [_thread_blocked, id=14304, stack(0x000000a342700000,0x000000a342800000)]
  0x0000023aa2097640 JavaThread "Monitor Deflation Thread" daemon [_thread_blocked, id=13008, stack(0x000000a342800000,0x000000a342900000)]
=>0x0000023aa20982f0 JavaThread "C2 CompilerThread0" daemon [_thread_in_native, id=6684, stack(0x000000a342900000,0x000000a342a00000)]
  0x0000023aa20baeb0 JavaThread "C1 CompilerThread0" daemon [_thread_blocked, id=15128, stack(0x000000a342a00000,0x000000a342b00000)]
  0x0000023aa20bdb80 JavaThread "Sweeper thread" daemon [_thread_blocked, id=6124, stack(0x000000a342b00000,0x000000a342c00000)]
  0x0000023aa72c4a80 JavaThread "Common-Cleaner" daemon [_thread_blocked, id=14592, stack(0x000000a342c00000,0x000000a342d00000)]
  0x0000023aa760ea10 JavaThread "Notification Thread" daemon [_thread_blocked, id=8904, stack(0x000000a342d00000,0x000000a342e00000)]
  0x0000023aa7ad04c0 JavaThread "Active Thread: Equinox Container: 8b1b6bf7-88ab-44a0-85b2-b4d8f6c58884" [_thread_blocked, id=12272, stack(0x000000a343200000,0x000000a343300000)]
  0x0000023aa7a28e30 JavaThread "Framework Event Dispatcher: Equinox Container: 8b1b6bf7-88ab-44a0-85b2-b4d8f6c58884" daemon [_thread_blocked, id=14148, stack(0x000000a343300000,0x000000a343400000)]
  0x0000023aa7cde5e0 JavaThread "Start Level: Equinox Container: 8b1b6bf7-88ab-44a0-85b2-b4d8f6c58884" daemon [_thread_blocked, id=13048, stack(0x000000a343400000,0x000000a343500000)]
  0x0000023aa7f82840 JavaThread "Bundle File Closer" daemon [_thread_blocked, id=9176, stack(0x000000a343500000,0x000000a343600000)]
  0x0000023aa7ca4060 JavaThread "SCR Component Actor" daemon [_thread_blocked, id=6024, stack(0x000000a343600000,0x000000a343700000)]
  0x0000023aa7993f00 JavaThread "Worker-JM" [_thread_blocked, id=13552, stack(0x000000a343800000,0x000000a343900000)]
  0x0000023aa7994410 JavaThread "Worker-0: Validating Gradle wrapper checksum..." [_thread_in_native, id=11896, stack(0x000000a343900000,0x000000a343a00000)]
  0x0000023aa7994920 JavaThread "Worker-1: Initialize Workspace" [_thread_blocked, id=12464, stack(0x000000a343a00000,0x000000a343b00000)]
  0x0000023aa79934e0 JavaThread "Worker-2" [_thread_blocked, id=11688, stack(0x000000a343b00000,0x000000a343c00000)]
  0x0000023aa7995d60 JavaThread "Worker-3" [_thread_blocked, id=13684, stack(0x000000a343c00000,0x000000a343d00000)]
  0x0000023aa7995340 JavaThread "Java indexing" daemon [_thread_blocked, id=3952, stack(0x000000a343d00000,0x000000a343e00000)]
  0x0000023aa7996270 JavaThread "JNA Cleaner" daemon [_thread_blocked, id=3788, stack(0x000000a343700000,0x000000a343800000)]
  0x0000023aa7996780 JavaThread "Thread-2" daemon [_thread_in_native, id=8960, stack(0x000000a343e00000,0x000000a343f00000)]
  0x0000023aa7992fd0 JavaThread "Thread-3" daemon [_thread_in_native, id=6368, stack(0x000000a343f00000,0x000000a344000000)]
  0x0000023aa8402ba0 JavaThread "Thread-4" daemon [_thread_in_native, id=12620, stack(0x000000a344000000,0x000000a344100000)]
  0x0000023aa8403fe0 JavaThread "Thread-5" daemon [_thread_in_native, id=2124, stack(0x000000a344100000,0x000000a344200000)]
  0x0000023aa8401760 JavaThread "Thread-6" daemon [_thread_in_native, id=5220, stack(0x000000a344200000,0x000000a344300000)]
  0x0000023aa8401250 JavaThread "pool-2-thread-1" [_thread_blocked, id=3528, stack(0x000000a344300000,0x000000a344400000)]
  0x0000023aa8405420 JavaThread "WorkspaceEventsHandler" [_thread_blocked, id=8468, stack(0x000000a344400000,0x000000a344500000)]
  0x0000023aa8402180 JavaThread "pool-1-thread-1" [_thread_blocked, id=10760, stack(0x000000a344500000,0x000000a344600000)]
  0x0000023aa8400830 JavaThread "Timer-0" [_thread_blocked, id=12216, stack(0x000000a344600000,0x000000a344700000)]
  0x0000023aa84030b0 JavaThread "Exec process" [_thread_blocked, id=4720, stack(0x000000a344800000,0x000000a344900000)]
  0x0000023aa84035c0 JavaThread "Exec process Thread 2" [_thread_blocked, id=14552, stack(0x000000a344900000,0x000000a344a00000)]
  0x0000023aa8402690 JavaThread "Exec process Thread 3" [_thread_blocked, id=12768, stack(0x000000a344a00000,0x000000a344b00000)]
  0x0000023aa83ffe10 JavaThread "Timer-1" [_thread_blocked, id=10708, stack(0x000000a344700000,0x000000a344800000)]
  0x0000023aa83feee0 JavaThread "Timer-2" [_thread_blocked, id=10496, stack(0x000000a344c00000,0x000000a344d00000)]
  0x0000023aa8401c70 JavaThread "Timer-3" [_thread_blocked, id=10204, stack(0x000000a344b00000,0x000000a344c00000)]
  0x0000023aa8405e40 JavaThread "Timer-4" [_thread_blocked, id=8964, stack(0x000000a344d00000,0x000000a344e00000)]
  0x0000023aa8404f10 JavaThread "Timer-5" [_thread_blocked, id=2288, stack(0x000000a344e00000,0x000000a344f00000)]
  0x0000023aa8405930 JavaThread "Timer-6" [_thread_blocked, id=2236, stack(0x000000a345100000,0x000000a345200000)]
  0x0000023aa8403ad0 JavaThread "Connection worker" [_thread_in_native, id=11160, stack(0x000000a345200000,0x000000a345300000)]
  0x0000023aa83fe9d0 JavaThread "pool-4-thread-1" [_thread_blocked, id=10892, stack(0x000000a345300000,0x000000a345400000)]

Other Threads:
  0x0000023aa20563c0 VMThread "VM Thread" [stack: 0x000000a342200000,0x000000a342300000] [id=1956]
  0x0000023aa7419750 WatcherThread [stack: 0x000000a342e00000,0x000000a342f00000] [id=712]
  0x0000023a8c2dcd80 GCTaskThread "GC Thread#0" [stack: 0x000000a342100000,0x000000a342200000] [id=7768]
  0x0000023aa7ac9370 GCTaskThread "GC Thread#1" [stack: 0x000000a342f00000,0x000000a343000000] [id=14608]
  0x0000023aa7ac9a40 GCTaskThread "GC Thread#2" [stack: 0x000000a343000000,0x000000a343100000] [id=14644]
  0x0000023aa7ac9d00 GCTaskThread "GC Thread#3" [stack: 0x000000a343100000,0x000000a343200000] [id=11540]

Threads with active compile tasks:
C2 CompilerThread0    50247 6925   !   4       org.eclipse.osgi.internal.loader.classpath.ClasspathManager::defineClass (636 bytes)

VM state: not at safepoint (normal execution)

VM Mutex/Monitor currently owned by a thread: None

Heap address: 0x00000000c0000000, size: 1024 MB, Compressed Oops mode: 32-bit

CDS archive(s) not mapped
Compressed class space mapped at: 0x0000000100000000-0x0000000140000000, reserved size: 1073741824
Narrow klass base: 0x0000000000000000, Narrow klass shift: 3, Narrow klass range: 0x140000000

GC Precious Log:
 CPUs: 4 total, 4 available
 Memory: 8090M
 Large Page Support: Disabled
 NUMA Support: Disabled
 Compressed Oops: Enabled (32-bit)
 Alignments: Space 512K, Generation 512K, Heap 2M
 Heap Min Capacity: 100M
 Heap Initial Capacity: 100M
 Heap Max Capacity: 1G
 Pre-touch: Disabled
 Parallel Workers: 4

Heap:
 PSYoungGen      total 22528K, used 17036K [0x00000000eab00000, 0x00000000ec600000, 0x0000000100000000)
  eden space 22016K, 76% used [0x00000000eab00000,0x00000000ebb7b208,0x00000000ec080000)
  from space 512K, 31% used [0x00000000ec500000,0x00000000ec528000,0x00000000ec580000)
  to   space 512K, 0% used [0x00000000ec580000,0x00000000ec580000,0x00000000ec600000)
 ParOldGen       total 68608K, used 37531K [0x00000000c0000000, 0x00000000c4300000, 0x00000000eab00000)
  object space 68608K, 54% used [0x00000000c0000000,0x00000000c24a6cf0,0x00000000c4300000)
 Metaspace       used 65498K, committed 66624K, reserved 1114112K
  class space    used 7953K, committed 8448K, reserved 1048576K

Card table byte_map: [0x0000023a9f930000,0x0000023a9fb40000] _byte_map_base: 0x0000023a9f330000

Marking Bits: (ParMarkBitMap*) 0x00007fff7c8fd820
 Begin Bits: [0x0000023a9fca0000, 0x0000023aa0ca0000)
 End Bits:   [0x0000023aa0ca0000, 0x0000023aa1ca0000)

Polling page: 0x0000023a8c380000

Metaspace:

Usage:
  Non-class:     56.20 MB used.
      Class:      7.77 MB used.
       Both:     63.96 MB used.

Virtual space:
  Non-class space:       64.00 MB reserved,      56.81 MB ( 89%) committed,  1 nodes.
      Class space:        1.00 GB reserved,       8.25 MB ( <1%) committed,  1 nodes.
             Both:        1.06 GB reserved,      65.06 MB (  6%) committed. 

Chunk freelists:
   Non-Class:  7.16 MB
       Class:  7.72 MB
        Both:  14.88 MB

MaxMetaspaceSize: unlimited
CompressedClassSpaceSize: 1.00 GB
Initial GC threshold: 21.00 MB
Current GC threshold: 97.31 MB
CDS: off
MetaspaceReclaimPolicy: balanced
 - commit_granule_bytes: 65536.
 - commit_granule_words: 8192.
 - virtual_space_node_default_size: 8388608.
 - enlarge_chunks_in_place: 1.
 - new_chunks_are_fully_committed: 0.
 - uncommit_free_chunks: 1.
 - use_allocation_guard: 0.
 - handle_deallocations: 1.


Internal statistics:

num_allocs_failed_limit: 9.
num_arena_births: 620.
num_arena_deaths: 14.
num_vsnodes_births: 2.
num_vsnodes_deaths: 0.
num_space_committed: 1041.
num_space_uncommitted: 0.
num_chunks_returned_to_freelist: 23.
num_chunks_taken_from_freelist: 3067.
num_chunk_merges: 8.
num_chunk_splits: 2006.
num_chunks_enlarged: 1338.
num_inconsistent_stats: 0.

CodeHeap 'non-profiled nmethods': size=120000Kb used=4252Kb max_used=4252Kb free=115748Kb
 bounds [0x0000023a98220000, 0x0000023a98650000, 0x0000023a9f750000]
CodeHeap 'profiled nmethods': size=120000Kb used=12974Kb max_used=12974Kb free=107025Kb
 bounds [0x0000023a90750000, 0x0000023a91400000, 0x0000023a97c80000]
CodeHeap 'non-nmethods': size=5760Kb used=1314Kb max_used=1363Kb free=4445Kb
 bounds [0x0000023a97c80000, 0x0000023a97ef0000, 0x0000023a98220000]
 total_blobs=6869 nmethods=6218 adapters=565
 compilation: enabled
              stopped_count=0, restarted_count=0
 full_count=0

Compilation events (20 events):
Event: 50.058 Thread 0x0000023aa20baeb0 7003       3       java.util.EnumMap::get (29 bytes)
Event: 50.058 Thread 0x0000023aa20baeb0 nmethod 7003 0x0000023a913f2e90 code [0x0000023a913f3060, 0x0000023a913f3428]
Event: 50.070 Thread 0x0000023aa20baeb0 7004       3       org.gradle.process.internal.JvmOptions::isDebugArg (33 bytes)
Event: 50.070 Thread 0x0000023aa20baeb0 nmethod 7004 0x0000023a913f3590 code [0x0000023a913f3760, 0x0000023a913f3ac8]
Event: 50.070 Thread 0x0000023aa20baeb0 7005       3       org.gradle.tooling.internal.adapter.MethodInvocation::<init> (50 bytes)
Event: 50.071 Thread 0x0000023aa20baeb0 nmethod 7005 0x0000023a913f3c10 code [0x0000023a913f3da0, 0x0000023a913f3fb8]
Event: 50.072 Thread 0x0000023aa20baeb0 7006       3       org.gradle.cli.CommandLineParser::option (190 bytes)
Event: 50.076 Thread 0x0000023aa20baeb0 nmethod 7006 0x0000023a913f4090 code [0x0000023a913f45a0, 0x0000023a913f6ed8]
Event: 50.076 Thread 0x0000023aa20baeb0 7007       3       org.gradle.cli.CommandLineOption::<init> (74 bytes)
Event: 50.077 Thread 0x0000023aa20baeb0 nmethod 7007 0x0000023a913f7d10 code [0x0000023a913f7f80, 0x0000023a913f8c98]
Event: 50.077 Thread 0x0000023aa20baeb0 7009       1       org.gradle.internal.buildoption.CommandLineOptionConfiguration::getLongOption (5 bytes)
Event: 50.077 Thread 0x0000023aa20baeb0 nmethod 7009 0x0000023a98646410 code [0x0000023a986465a0, 0x0000023a98646678]
Event: 50.077 Thread 0x0000023aa20baeb0 7008       3       org.gradle.cli.CommandLineOption::hasDescription (7 bytes)
Event: 50.077 Thread 0x0000023aa20baeb0 nmethod 7008 0x0000023a913f9110 code [0x0000023a913f92a0, 0x0000023a913f93d8]
Event: 50.078 Thread 0x0000023aa20baeb0 7011       1       org.gradle.internal.service.DefaultServiceRegistry$SingletonService::getServiceType (5 bytes)
Event: 50.078 Thread 0x0000023aa20baeb0 nmethod 7011 0x0000023a98646710 code [0x0000023a986468a0, 0x0000023a98646978]
Event: 50.080 Thread 0x0000023aa20baeb0 7012       3       java.util.concurrent.ConcurrentSkipListMap::cpr (26 bytes)
Event: 50.080 Thread 0x0000023aa20baeb0 nmethod 7012 0x0000023a913f9490 code [0x0000023a913f9660, 0x0000023a913f9a38]
Event: 50.081 Thread 0x0000023aa20baeb0 7013       3       org.gradle.tooling.internal.adapter.ProtocolToModelAdapter$MethodInvocationCache$MethodInvocationKey::eq (41 bytes)
Event: 50.081 Thread 0x0000023aa20baeb0 nmethod 7013 0x0000023a913f9b90 code [0x0000023a913f9d80, 0x0000023a913fa2c8]

GC Heap History (20 events):
Event: 45.847 GC heap before
{Heap before GC invocations=31 (full 3):
 PSYoungGen      total 24064K, used 22392K [0x00000000eab00000, 0x00000000ec700000, 0x0000000100000000)
  eden space 22016K, 100% used [0x00000000eab00000,0x00000000ec080000,0x00000000ec080000)
  from space 2048K, 18% used [0x00000000ec300000,0x00000000ec35e280,0x00000000ec500000)
  to   space 1024K, 0% used [0x00000000ec600000,0x00000000ec600000,0x00000000ec700000)
 ParOldGen       total 68608K, used 36416K [0x00000000c0000000, 0x00000000c4300000, 0x00000000eab00000)
  object space 68608K, 53% used [0x00000000c0000000,0x00000000c2390318,0x00000000c4300000)
 Metaspace       used 61769K, committed 62848K, reserved 1114112K
  class space    used 7203K, committed 7616K, reserved 1048576K
}
Event: 45.848 GC heap after
{Heap after GC invocations=31 (full 3):
 PSYoungGen      total 23040K, used 1023K [0x00000000eab00000, 0x00000000ec700000, 0x0000000100000000)
  eden space 22016K, 0% used [0x00000000eab00000,0x00000000eab00000,0x00000000ec080000)
  from space 1024K, 99% used [0x00000000ec600000,0x00000000ec6ffdd8,0x00000000ec700000)
  to   space 1536K, 0% used [0x00000000ec400000,0x00000000ec400000,0x00000000ec580000)
 ParOldGen       total 68608K, used 36653K [0x00000000c0000000, 0x00000000c4300000, 0x00000000eab00000)
  object space 68608K, 53% used [0x00000000c0000000,0x00000000c23cb6b8,0x00000000c4300000)
 Metaspace       used 61769K, committed 62848K, reserved 1114112K
  class space    used 7203K, committed 7616K, reserved 1048576K
}
Event: 46.168 GC heap before
{Heap before GC invocations=32 (full 3):
 PSYoungGen      total 23040K, used 23039K [0x00000000eab00000, 0x00000000ec700000, 0x0000000100000000)
  eden space 22016K, 100% used [0x00000000eab00000,0x00000000ec080000,0x00000000ec080000)
  from space 1024K, 99% used [0x00000000ec600000,0x00000000ec6ffdd8,0x00000000ec700000)
  to   space 1536K, 0% used [0x00000000ec400000,0x00000000ec400000,0x00000000ec580000)
 ParOldGen       total 68608K, used 36653K [0x00000000c0000000, 0x00000000c4300000, 0x00000000eab00000)
  object space 68608K, 53% used [0x00000000c0000000,0x00000000c23cb6b8,0x00000000c4300000)
 Metaspace       used 63196K, committed 64256K, reserved 1114112K
  class space    used 7502K, committed 7936K, reserved 1048576K
}
Event: 46.170 GC heap after
{Heap after GC invocations=32 (full 3):
 PSYoungGen      total 23552K, used 192K [0x00000000eab00000, 0x00000000ec680000, 0x0000000100000000)
  eden space 22016K, 0% used [0x00000000eab00000,0x00000000eab00000,0x00000000ec080000)
  from space 1536K, 12% used [0x00000000ec400000,0x00000000ec430000,0x00000000ec580000)
  to   space 1024K, 0% used [0x00000000ec580000,0x00000000ec580000,0x00000000ec680000)
 ParOldGen       total 68608K, used 37019K [0x00000000c0000000, 0x00000000c4300000, 0x00000000eab00000)
  object space 68608K, 53% used [0x00000000c0000000,0x00000000c2426fe0,0x00000000c4300000)
 Metaspace       used 63196K, committed 64256K, reserved 1114112K
  class space    used 7502K, committed 7936K, reserved 1048576K
}
Event: 46.541 GC heap before
{Heap before GC invocations=33 (full 3):
 PSYoungGen      total 23552K, used 22208K [0x00000000eab00000, 0x00000000ec680000, 0x0000000100000000)
  eden space 22016K, 100% used [0x00000000eab00000,0x00000000ec080000,0x00000000ec080000)
  from space 1536K, 12% used [0x00000000ec400000,0x00000000ec430000,0x00000000ec580000)
  to   space 1024K, 0% used [0x00000000ec580000,0x00000000ec580000,0x00000000ec680000)
 ParOldGen       total 68608K, used 37019K [0x00000000c0000000, 0x00000000c4300000, 0x00000000eab00000)
  object space 68608K, 53% used [0x00000000c0000000,0x00000000c2426fe0,0x00000000c4300000)
 Metaspace       used 64194K, committed 65216K, reserved 1114112K
  class space    used 7755K, committed 8192K, reserved 1048576K
}
Event: 46.542 GC heap after
{Heap after GC invocations=33 (full 3):
 PSYoungGen      total 22528K, used 368K [0x00000000eab00000, 0x00000000ec600000, 0x0000000100000000)
  eden space 22016K, 0% used [0x00000000eab00000,0x00000000eab00000,0x00000000ec080000)
  from space 512K, 72% used [0x00000000ec580000,0x00000000ec5dc3c8,0x00000000ec600000)
  to   space 512K, 0% used [0x00000000ec500000,0x00000000ec500000,0x00000000ec580000)
 ParOldGen       total 68608K, used 37131K [0x00000000c0000000, 0x00000000c4300000, 0x00000000eab00000)
  object space 68608K, 54% used [0x00000000c0000000,0x00000000c2442fe0,0x00000000c4300000)
 Metaspace       used 64194K, committed 65216K, reserved 1114112K
  class space    used 7755K, committed 8192K, reserved 1048576K
}
Event: 46.814 GC heap before
{Heap before GC invocations=34 (full 3):
 PSYoungGen      total 22528K, used 22384K [0x00000000eab00000, 0x00000000ec600000, 0x0000000100000000)
  eden space 22016K, 100% used [0x00000000eab00000,0x00000000ec080000,0x00000000ec080000)
  from space 512K, 72% used [0x00000000ec580000,0x00000000ec5dc3c8,0x00000000ec600000)
  to   space 512K, 0% used [0x00000000ec500000,0x00000000ec500000,0x00000000ec580000)
 ParOldGen       total 68608K, used 37131K [0x00000000c0000000, 0x00000000c4300000, 0x00000000eab00000)
  object space 68608K, 54% used [0x00000000c0000000,0x00000000c2442fe0,0x00000000c4300000)
 Metaspace       used 64279K, committed 65344K, reserved 1114112K
  class space    used 7771K, committed 8192K, reserved 1048576K
}
Event: 46.815 GC heap after
{Heap after GC invocations=34 (full 3):
 PSYoungGen      total 22528K, used 440K [0x00000000eab00000, 0x00000000ec600000, 0x0000000100000000)
  eden space 22016K, 0% used [0x00000000eab00000,0x00000000eab00000,0x00000000ec080000)
  from space 512K, 86% used [0x00000000ec500000,0x00000000ec56e228,0x00000000ec580000)
  to   space 512K, 0% used [0x00000000ec580000,0x00000000ec580000,0x00000000ec600000)
 ParOldGen       total 68608K, used 37315K [0x00000000c0000000, 0x00000000c4300000, 0x00000000eab00000)
  object space 68608K, 54% used [0x00000000c0000000,0x00000000c2470cf0,0x00000000c4300000)
 Metaspace       used 64279K, committed 65344K, reserved 1114112K
  class space    used 7771K, committed 8192K, reserved 1048576K
}
Event: 47.051 GC heap before
{Heap before GC invocations=35 (full 3):
 PSYoungGen      total 22528K, used 22456K [0x00000000eab00000, 0x00000000ec600000, 0x0000000100000000)
  eden space 22016K, 100% used [0x00000000eab00000,0x00000000ec080000,0x00000000ec080000)
  from space 512K, 86% used [0x00000000ec500000,0x00000000ec56e228,0x00000000ec580000)
  to   space 512K, 0% used [0x00000000ec580000,0x00000000ec580000,0x00000000ec600000)
 ParOldGen       total 68608K, used 37315K [0x00000000c0000000, 0x00000000c4300000, 0x00000000eab00000)
  object space 68608K, 54% used [0x00000000c0000000,0x00000000c2470cf0,0x00000000c4300000)
 Metaspace       used 64288K, committed 65344K, reserved 1114112K
  class space    used 7772K, committed 8192K, reserved 1048576K
}
Event: 47.053 GC heap after
{Heap after GC invocations=35 (full 3):
 PSYoungGen      total 22528K, used 280K [0x00000000eab00000, 0x00000000ec600000, 0x0000000100000000)
  eden space 22016K, 0% used [0x00000000eab00000,0x00000000eab00000,0x00000000ec080000)
  from space 512K, 54% used [0x00000000ec580000,0x00000000ec5c6228,0x00000000ec600000)
  to   space 512K, 0% used [0x00000000ec500000,0x00000000ec500000,0x00000000ec580000)
 ParOldGen       total 68608K, used 37435K [0x00000000c0000000, 0x00000000c4300000, 0x00000000eab00000)
  object space 68608K, 54% used [0x00000000c0000000,0x00000000c248ecf0,0x00000000c4300000)
 Metaspace       used 64288K, committed 65344K, reserved 1114112K
  class space    used 7772K, committed 8192K, reserved 1048576K
}
Event: 47.401 GC heap before
{Heap before GC invocations=36 (full 3):
 PSYoungGen      total 22528K, used 22296K [0x00000000eab00000, 0x00000000ec600000, 0x0000000100000000)
  eden space 22016K, 100% used [0x00000000eab00000,0x00000000ec080000,0x00000000ec080000)
  from space 512K, 54% used [0x00000000ec580000,0x00000000ec5c6228,0x00000000ec600000)
  to   space 512K, 0% used [0x00000000ec500000,0x00000000ec500000,0x00000000ec580000)
 ParOldGen       total 68608K, used 37435K [0x00000000c0000000, 0x00000000c4300000, 0x00000000eab00000)
  object space 68608K, 54% used [0x00000000c0000000,0x00000000c248ecf0,0x00000000c4300000)
 Metaspace       used 64290K, committed 65344K, reserved 1114112K
  class space    used 7772K, committed 8192K, reserved 1048576K
}
Event: 47.402 GC heap after
{Heap after GC invocations=36 (full 3):
 PSYoungGen      total 22528K, used 160K [0x00000000eab00000, 0x00000000ec600000, 0x0000000100000000)
  eden space 22016K, 0% used [0x00000000eab00000,0x00000000eab00000,0x00000000ec080000)
  from space 512K, 31% used [0x00000000ec500000,0x00000000ec528000,0x00000000ec580000)
  to   space 512K, 0% used [0x00000000ec580000,0x00000000ec580000,0x00000000ec600000)
 ParOldGen       total 68608K, used 37459K [0x00000000c0000000, 0x00000000c4300000, 0x00000000eab00000)
  object space 68608K, 54% used [0x00000000c0000000,0x00000000c2494cf0,0x00000000c4300000)
 Metaspace       used 64290K, committed 65344K, reserved 1114112K
  class space    used 7772K, committed 8192K, reserved 1048576K
}
Event: 47.817 GC heap before
{Heap before GC invocations=37 (full 3):
 PSYoungGen      total 22528K, used 22176K [0x00000000eab00000, 0x00000000ec600000, 0x0000000100000000)
  eden space 22016K, 100% used [0x00000000eab00000,0x00000000ec080000,0x00000000ec080000)
  from space 512K, 31% used [0x00000000ec500000,0x00000000ec528000,0x00000000ec580000)
  to   space 512K, 0% used [0x00000000ec580000,0x00000000ec580000,0x00000000ec600000)
 ParOldGen       total 68608K, used 37459K [0x00000000c0000000, 0x00000000c4300000, 0x00000000eab00000)
  object space 68608K, 54% used [0x00000000c0000000,0x00000000c2494cf0,0x00000000c4300000)
 Metaspace       used 64291K, committed 65344K, reserved 1114112K
  class space    used 7772K, committed 8192K, reserved 1048576K
}
Event: 47.818 GC heap after
{Heap after GC invocations=37 (full 3):
 PSYoungGen      total 22528K, used 208K [0x00000000eab00000, 0x00000000ec600000, 0x0000000100000000)
  eden space 22016K, 0% used [0x00000000eab00000,0x00000000eab00000,0x00000000ec080000)
  from space 512K, 40% used [0x00000000ec580000,0x00000000ec5b4010,0x00000000ec600000)
  to   space 512K, 0% used [0x00000000ec500000,0x00000000ec500000,0x00000000ec580000)
 ParOldGen       total 68608K, used 37475K [0x00000000c0000000, 0x00000000c4300000, 0x00000000eab00000)
  object space 68608K, 54% used [0x00000000c0000000,0x00000000c2498cf0,0x00000000c4300000)
 Metaspace       used 64291K, committed 65344K, reserved 1114112K
  class space    used 7772K, committed 8192K, reserved 1048576K
}
Event: 48.281 GC heap before
{Heap before GC invocations=38 (full 3):
 PSYoungGen      total 22528K, used 22224K [0x00000000eab00000, 0x00000000ec600000, 0x0000000100000000)
  eden space 22016K, 100% used [0x00000000eab00000,0x00000000ec080000,0x00000000ec080000)
  from space 512K, 40% used [0x00000000ec580000,0x00000000ec5b4010,0x00000000ec600000)
  to   space 512K, 0% used [0x00000000ec500000,0x00000000ec500000,0x00000000ec580000)
 ParOldGen       total 68608K, used 37475K [0x00000000c0000000, 0x00000000c4300000, 0x00000000eab00000)
  object space 68608K, 54% used [0x00000000c0000000,0x00000000c2498cf0,0x00000000c4300000)
 Metaspace       used 64291K, committed 65344K, reserved 1114112K
  class space    used 7772K, committed 8192K, reserved 1048576K
}
Event: 48.282 GC heap after
{Heap after GC invocations=38 (full 3):
 PSYoungGen      total 22528K, used 160K [0x00000000eab00000, 0x00000000ec600000, 0x0000000100000000)
  eden space 22016K, 0% used [0x00000000eab00000,0x00000000eab00000,0x00000000ec080000)
  from space 512K, 31% used [0x00000000ec500000,0x00000000ec528000,0x00000000ec580000)
  to   space 512K, 0% used [0x00000000ec580000,0x00000000ec580000,0x00000000ec600000)
 ParOldGen       total 68608K, used 37499K [0x00000000c0000000, 0x00000000c4300000, 0x00000000eab00000)
  object space 68608K, 54% used [0x00000000c0000000,0x00000000c249ecf0,0x00000000c4300000)
 Metaspace       used 64291K, committed 65344K, reserved 1114112K
  class space    used 7772K, committed 8192K, reserved 1048576K
}
Event: 48.721 GC heap before
{Heap before GC invocations=39 (full 3):
 PSYoungGen      total 22528K, used 22176K [0x00000000eab00000, 0x00000000ec600000, 0x0000000100000000)
  eden space 22016K, 100% used [0x00000000eab00000,0x00000000ec080000,0x00000000ec080000)
  from space 512K, 31% used [0x00000000ec500000,0x00000000ec528000,0x00000000ec580000)
  to   space 512K, 0% used [0x00000000ec580000,0x00000000ec580000,0x00000000ec600000)
 ParOldGen       total 68608K, used 37499K [0x00000000c0000000, 0x00000000c4300000, 0x00000000eab00000)
  object space 68608K, 54% used [0x00000000c0000000,0x00000000c249ecf0,0x00000000c4300000)
 Metaspace       used 64291K, committed 65344K, reserved 1114112K
  class space    used 7772K, committed 8192K, reserved 1048576K
}
Event: 48.722 GC heap after
{Heap after GC invocations=39 (full 3):
 PSYoungGen      total 22528K, used 192K [0x00000000eab00000, 0x00000000ec600000, 0x0000000100000000)
  eden space 22016K, 0% used [0x00000000eab00000,0x00000000eab00000,0x00000000ec080000)
  from space 512K, 37% used [0x00000000ec580000,0x00000000ec5b0000,0x00000000ec600000)
  to   space 512K, 0% used [0x00000000ec500000,0x00000000ec500000,0x00000000ec580000)
 ParOldGen       total 68608K, used 37515K [0x00000000c0000000, 0x00000000c4300000, 0x00000000eab00000)
  object space 68608K, 54% used [0x00000000c0000000,0x00000000c24a2cf0,0x00000000c4300000)
 Metaspace       used 64291K, committed 65344K, reserved 1114112K
  class space    used 7772K, committed 8192K, reserved 1048576K
}
Event: 49.104 GC heap before
{Heap before GC invocations=40 (full 3):
 PSYoungGen      total 22528K, used 22208K [0x00000000eab00000, 0x00000000ec600000, 0x0000000100000000)
  eden space 22016K, 100% used [0x00000000eab00000,0x00000000ec080000,0x00000000ec080000)
  from space 512K, 37% used [0x00000000ec580000,0x00000000ec5b0000,0x00000000ec600000)
  to   space 512K, 0% used [0x00000000ec500000,0x00000000ec500000,0x00000000ec580000)
 ParOldGen       total 68608K, used 37515K [0x00000000c0000000, 0x00000000c4300000, 0x00000000eab00000)
  object space 68608K, 54% used [0x00000000c0000000,0x00000000c24a2cf0,0x00000000c4300000)
 Metaspace       used 64408K, committed 65536K, reserved 1114112K
  class space    used 7792K, committed 8256K, reserved 1048576K
}
Event: 49.105 GC heap after
{Heap after GC invocations=40 (full 3):
 PSYoungGen      total 22528K, used 160K [0x00000000eab00000, 0x00000000ec600000, 0x0000000100000000)
  eden space 22016K, 0% used [0x00000000eab00000,0x00000000eab00000,0x00000000ec080000)
  from space 512K, 31% used [0x00000000ec500000,0x00000000ec528000,0x00000000ec580000)
  to   space 512K, 0% used [0x00000000ec580000,0x00000000ec580000,0x00000000ec600000)
 ParOldGen       total 68608K, used 37531K [0x00000000c0000000, 0x00000000c4300000, 0x00000000eab00000)
  object space 68608K, 54% used [0x00000000c0000000,0x00000000c24a6cf0,0x00000000c4300000)
 Metaspace       used 64408K, committed 65536K, reserved 1114112K
  class space    used 7792K, committed 8256K, reserved 1048576K
}

Dll operation events (14 events):
Event: 0.039 Loaded shared library c:\Users\dell\.vscode\extensions\redhat.java-1.32.0-win32-x64\jre\17.0.11-win32-x86_64\bin\java.dll
Event: 0.973 Loaded shared library c:\Users\dell\.vscode\extensions\redhat.java-1.32.0-win32-x64\jre\17.0.11-win32-x86_64\bin\zip.dll
Event: 0.977 Loaded shared library C:\Users\dell\.vscode\extensions\redhat.java-1.32.0-win32-x64\jre\17.0.11-win32-x86_64\bin\instrument.dll
Event: 1.116 Loaded shared library C:\Users\dell\.vscode\extensions\redhat.java-1.32.0-win32-x64\jre\17.0.11-win32-x86_64\bin\net.dll
Event: 1.118 Loaded shared library C:\Users\dell\.vscode\extensions\redhat.java-1.32.0-win32-x64\jre\17.0.11-win32-x86_64\bin\nio.dll
Event: 1.168 Loaded shared library C:\Users\dell\.vscode\extensions\redhat.java-1.32.0-win32-x64\jre\17.0.11-win32-x86_64\bin\zip.dll
Event: 1.296 Loaded shared library C:\Users\dell\.vscode\extensions\redhat.java-1.32.0-win32-x64\jre\17.0.11-win32-x86_64\bin\jimage.dll
Event: 1.658 Loaded shared library c:\Users\dell\.vscode\extensions\redhat.java-1.32.0-win32-x64\jre\17.0.11-win32-x86_64\bin\verify.dll
Event: 5.850 Loaded shared library C:\Users\dell\AppData\Roaming\Code\User\globalStorage\redhat.java\1.32.0\config_win\org.eclipse.equinox.launcher\org.eclipse.equinox.launcher.win32.win32.x86_64_1.2.1100.v20240613-2013\eclipse_11903.dll
Event: 10.837 Loaded shared library C:\Users\dell\.vscode\extensions\redhat.java-1.32.0-win32-x64\jre\17.0.11-win32-x86_64\bin\management.dll
Event: 10.842 Loaded shared library C:\Users\dell\.vscode\extensions\redhat.java-1.32.0-win32-x64\jre\17.0.11-win32-x86_64\bin\management_ext.dll
Event: 19.258 Loaded shared library C:\Users\dell\AppData\Local\Temp\jna-3079617\jna1981555797251452919.dll
Event: 35.806 Loaded shared library C:\Users\dell\.gradle\native\c067742578af261105cb4f569cf0c3c89f3d7b1fecec35dd04571415982c5e48\windows-amd64\native-platform.dll
Event: 49.434 Loaded shared library C:\Users\dell\.vscode\extensions\redhat.java-1.32.0-win32-x64\jre\17.0.11-win32-x86_64\bin\extnet.dll

Deoptimization events (20 events):
Event: 49.875 Thread 0x0000023aa8404f10 Uncommon trap: trap_request=0xffffff45 fr.pc=0x0000023a983d0244 relative=0x0000000000001ce4
Event: 49.875 Thread 0x0000023aa8404f10 Uncommon trap: reason=unstable_if action=reinterpret pc=0x0000023a983d0244 method=sun.nio.cs.StreamDecoder.implRead([CII)I @ 36 c2
Event: 49.875 Thread 0x0000023aa8404f10 DEOPT PACKING pc=0x0000023a983d0244 sp=0x000000a3452fee80
Event: 49.875 Thread 0x0000023aa8404f10 DEOPT UNPACKING pc=0x0000023a97cd66a3 sp=0x000000a3452fee10 mode 2
Event: 49.896 Thread 0x0000023aa7994920 Uncommon trap: trap_request=0xffffffbe fr.pc=0x0000023a985c1a84 relative=0x00000000000002c4
Event: 49.896 Thread 0x0000023aa7994920 Uncommon trap: reason=profile_predicate action=maybe_recompile pc=0x0000023a985c1a84 method=java.util.regex.Pattern$BnM.optimize(Ljava/util/regex/Pattern$Node;)Ljava/util/regex/Pattern$Node; @ 67 c2
Event: 49.896 Thread 0x0000023aa7994920 DEOPT PACKING pc=0x0000023a985c1a84 sp=0x000000a343afdc90
Event: 49.896 Thread 0x0000023aa7994920 DEOPT UNPACKING pc=0x0000023a97cd66a3 sp=0x000000a343afdc18 mode 2
Event: 49.963 Thread 0x0000023aa83ff900 Uncommon trap: trap_request=0xffffffbe fr.pc=0x0000023a985c1a84 relative=0x00000000000002c4
Event: 49.963 Thread 0x0000023aa83ff900 Uncommon trap: reason=profile_predicate action=maybe_recompile pc=0x0000023a985c1a84 method=java.util.regex.Pattern$BnM.optimize(Ljava/util/regex/Pattern$Node;)Ljava/util/regex/Pattern$Node; @ 67 c2
Event: 49.963 Thread 0x0000023aa83ff900 DEOPT PACKING pc=0x0000023a985c1a84 sp=0x000000a3451fea70
Event: 49.963 Thread 0x0000023aa83ff900 DEOPT UNPACKING pc=0x0000023a97cd66a3 sp=0x000000a3451fe9f8 mode 2
Event: 50.015 Thread 0x0000023aa7994920 Uncommon trap: trap_request=0xffffffde fr.pc=0x0000023a9858d218 relative=0x0000000000000b38
Event: 50.015 Thread 0x0000023aa7994920 Uncommon trap: reason=class_check action=maybe_recompile pc=0x0000023a9858d218 method=org.eclipse.core.internal.dtree.DeltaDataTree.getChildNodes(Lorg/eclipse/core/runtime/IPath;)[Lorg/eclipse/core/internal/dtree/AbstractDataTreeNode; @ 68 c2
Event: 50.015 Thread 0x0000023aa7994920 DEOPT PACKING pc=0x0000023a9858d218 sp=0x000000a343afe8a0
Event: 50.015 Thread 0x0000023aa7994920 DEOPT UNPACKING pc=0x0000023a97cd66a3 sp=0x000000a343afe850 mode 2
Event: 50.017 Thread 0x0000023aa7994920 Uncommon trap: trap_request=0xffffff45 fr.pc=0x0000023a98573e08 relative=0x00000000000003c8
Event: 50.018 Thread 0x0000023aa7994920 Uncommon trap: reason=unstable_if action=reinterpret pc=0x0000023a98573e08 method=org.eclipse.core.runtime.Path.computeSegmentCount(Ljava/lang/String;)I @ 6 c2
Event: 50.018 Thread 0x0000023aa7994920 DEOPT PACKING pc=0x0000023a98573e08 sp=0x000000a343afe8a0
Event: 50.018 Thread 0x0000023aa7994920 DEOPT UNPACKING pc=0x0000023a97cd66a3 sp=0x000000a343afe830 mode 2

Classes unloaded (7 events):
Event: 10.888 Thread 0x0000023aa20563c0 Unloading class 0x0000000100248400 'java/lang/invoke/LambdaForm$MH+0x0000000100248400'
Event: 10.888 Thread 0x0000023aa20563c0 Unloading class 0x0000000100248000 'java/lang/invoke/LambdaForm$MH+0x0000000100248000'
Event: 10.888 Thread 0x0000023aa20563c0 Unloading class 0x0000000100247c00 'java/lang/invoke/LambdaForm$MH+0x0000000100247c00'
Event: 10.888 Thread 0x0000023aa20563c0 Unloading class 0x0000000100247800 'java/lang/invoke/LambdaForm$MH+0x0000000100247800'
Event: 10.888 Thread 0x0000023aa20563c0 Unloading class 0x0000000100247400 'java/lang/invoke/LambdaForm$BMH+0x0000000100247400'
Event: 10.888 Thread 0x0000023aa20563c0 Unloading class 0x0000000100247000 'java/lang/invoke/LambdaForm$DMH+0x0000000100247000'
Event: 10.888 Thread 0x0000023aa20563c0 Unloading class 0x0000000100244400 'java/lang/invoke/LambdaForm$DMH+0x0000000100244400'

Classes redefined (0 events):
No events

Internal exceptions (20 events):
Event: 40.373 Thread 0x0000023aa7994920 Exception <a 'sun/nio/fs/WindowsException'{0x00000000eb019840}> (0x00000000eb019840) 
thrown [s\src\hotspot\share\prims\jni.cpp, line 516]
Event: 40.374 Thread 0x0000023aa7994920 Implicit null exception at 0x0000023a984dd3e0 to 0x0000023a984de050
Event: 40.386 Thread 0x0000023aa7994920 Exception <a 'sun/nio/fs/WindowsException'{0x00000000eb058a58}> (0x00000000eb058a58) 
thrown [s\src\hotspot\share\prims\jni.cpp, line 516]
Event: 40.392 Thread 0x0000023aa7994920 Exception <a 'sun/nio/fs/WindowsException'{0x00000000eb0640a0}> (0x00000000eb0640a0) 
thrown [s\src\hotspot\share\prims\jni.cpp, line 516]
Event: 43.294 Thread 0x0000023aa7994920 Implicit null exception at 0x0000023a9857d7d5 to 0x0000023a9857d9d8
Event: 43.306 Thread 0x0000023aa7994920 Exception <a 'java/io/FileNotFoundException'{0x00000000eb7c57c8}> (0x00000000eb7c57c8) 
thrown [s\src\hotspot\share\prims\jni.cpp, line 516]
Event: 43.306 Thread 0x0000023aa7994920 Exception <a 'java/io/FileNotFoundException'{0x00000000eb7c6a60}> (0x00000000eb7c6a60) 
thrown [s\src\hotspot\share\prims\jni.cpp, line 516]
Event: 43.306 Thread 0x0000023aa7994920 Exception <a 'java/io/FileNotFoundException'{0x00000000eb7c7a58}> (0x00000000eb7c7a58) 
thrown [s\src\hotspot\share\prims\jni.cpp, line 516]
Event: 45.206 Thread 0x0000023aa7994920 Exception <a 'sun/nio/fs/WindowsException'{0x00000000eba18f00}> (0x00000000eba18f00) 
thrown [s\src\hotspot\share\prims\jni.cpp, line 516]
Event: 45.235 Thread 0x0000023aa7994920 Exception <a 'sun/nio/fs/WindowsException'{0x00000000eba7b648}> (0x00000000eba7b648) 
thrown [s\src\hotspot\share\prims\jni.cpp, line 516]
Event: 45.236 Thread 0x0000023aa7994920 Exception <a 'sun/nio/fs/WindowsException'{0x00000000eba819c8}> (0x00000000eba819c8) 
thrown [s\src\hotspot\share\prims\jni.cpp, line 516]
Event: 45.238 Thread 0x0000023aa7994920 Exception <a 'sun/nio/fs/WindowsException'{0x00000000eba87708}> (0x00000000eba87708) 
thrown [s\src\hotspot\share\prims\jni.cpp, line 516]
Event: 45.240 Thread 0x0000023aa7994920 Exception <a 'sun/nio/fs/WindowsException'{0x00000000eba8d268}> (0x00000000eba8d268) 
thrown [s\src\hotspot\share\prims\jni.cpp, line 516]
Event: 45.245 Thread 0x0000023aa7994920 Exception <a 'sun/nio/fs/WindowsException'{0x00000000eba99400}> (0x00000000eba99400) 
thrown [s\src\hotspot\share\prims\jni.cpp, line 516]
Event: 45.295 Thread 0x0000023aa7994920 Exception <a 'sun/nio/fs/WindowsException'{0x00000000ebb2e700}> (0x00000000ebb2e700) 
thrown [s\src\hotspot\share\prims\jni.cpp, line 516]
Event: 45.304 Thread 0x0000023aa7994920 Exception <a 'sun/nio/fs/WindowsException'{0x00000000ebb5f018}> (0x00000000ebb5f018) 
thrown [s\src\hotspot\share\prims\jni.cpp, line 516]
Event: 49.910 Thread 0x0000023aa7994920 Exception <a 'java/lang/ClassNotFoundException'{0x00000000eb5b6178}: sun/misc/SharedSecrets> (0x00000000eb5b6178) 
thrown [s\src\hotspot\share\classfile\systemDictionary.cpp, line 256]
Event: 50.014 Thread 0x0000023aa7994920 Exception <a 'java/lang/NoSuchMethodError'{0x00000000eb67a548}: 'java.lang.Object java.lang.invoke.DirectMethodHandle$Holder.newInvokeSpecial(java.lang.Object, java.lang.Object, java.lang.Object, int)'> (0x00000000eb67a548) 
thrown [s\src\hotspot\share\interpreter\linkResolver.cpp, line 759]
Event: 50.015 Thread 0x0000023aa7994920 Exception <a 'java/lang/NoSuchMethodError'{0x00000000eb67e3a8}: 'java.lang.Object java.lang.invoke.DirectMethodHandle$Holder.invokeSpecial(java.lang.Object, java.lang.Object, java.lang.Object, java.lang.Object, int)'> (0x00000000eb67e3a8) 
thrown [s\src\hotspot\share\interpreter\linkResolver.cpp, line 759]
Event: 50.015 Thread 0x0000023aa7994920 Exception <a 'java/lang/NoSuchMethodError'{0x00000000eb681808}: 'java.lang.Object java.lang.invoke.Invokers$Holder.linkToTargetMethod(java.lang.Object, java.lang.Object, int, java.lang.Object)'> (0x00000000eb681808) 
thrown [s\src\hotspot\share\interpreter\linkResolver.cpp, line 759]

VM Operations (20 events):
Event: 46.168 Executing VM operation: ParallelGCFailedAllocation
Event: 46.170 Executing VM operation: ParallelGCFailedAllocation done
Event: 46.541 Executing VM operation: ParallelGCFailedAllocation
Event: 46.542 Executing VM operation: ParallelGCFailedAllocation done
Event: 46.814 Executing VM operation: ParallelGCFailedAllocation
Event: 46.815 Executing VM operation: ParallelGCFailedAllocation done
Event: 47.051 Executing VM operation: ParallelGCFailedAllocation
Event: 47.053 Executing VM operation: ParallelGCFailedAllocation done
Event: 47.401 Executing VM operation: ParallelGCFailedAllocation
Event: 47.402 Executing VM operation: ParallelGCFailedAllocation done
Event: 47.817 Executing VM operation: ParallelGCFailedAllocation
Event: 47.818 Executing VM operation: ParallelGCFailedAllocation done
Event: 48.281 Executing VM operation: ParallelGCFailedAllocation
Event: 48.282 Executing VM operation: ParallelGCFailedAllocation done
Event: 48.721 Executing VM operation: ParallelGCFailedAllocation
Event: 48.722 Executing VM operation: ParallelGCFailedAllocation done
Event: 49.104 Executing VM operation: ParallelGCFailedAllocation
Event: 49.105 Executing VM operation: ParallelGCFailedAllocation done
Event: 49.887 Executing VM operation: HandshakeAllThreads
Event: 49.887 Executing VM operation: HandshakeAllThreads done

Events (20 events):
Event: 49.874 loading class java/util/regex/Matcher$ImmutableMatchResult
Event: 49.875 loading class java/util/regex/Matcher$ImmutableMatchResult done
Event: 49.883 Thread 0x0000023aa8404f10 Thread exited: 0x0000023aa8404f10
Event: 49.883 Thread 0x0000023aa83fe9d0 Thread exited: 0x0000023aa83fe9d0
Event: 49.884 Thread 0x0000023aa8403ad0 Thread exited: 0x0000023aa8403ad0
Event: 49.887 Thread 0x0000023aa83ff3f0 Thread exited: 0x0000023aa83ff3f0
Event: 49.910 loading class sun/misc/SharedSecrets
Event: 49.910 loading class sun/misc/SharedSecrets done
Event: 49.910 loading class java/lang/Throwable$WrappedPrintWriter
Event: 49.910 loading class java/lang/Throwable$PrintStreamOrWriter
Event: 49.910 loading class java/lang/Throwable$PrintStreamOrWriter done
Event: 49.910 loading class java/lang/Throwable$WrappedPrintWriter done
Event: 49.952 Thread 0x0000023aa8404f10 Thread added: 0x0000023aa8404f10
Event: 49.953 Thread 0x0000023aa83ff900 Thread added: 0x0000023aa83ff900
Event: 49.980 Thread 0x0000023aa8405930 Thread added: 0x0000023aa8405930
Event: 49.987 Thread 0x0000023aa83ff900 Thread exited: 0x0000023aa83ff900
Event: 49.988 Thread 0x0000023aa8405930 Thread exited: 0x0000023aa8405930
Event: 50.023 Thread 0x0000023aa8405930 Thread added: 0x0000023aa8405930
Event: 50.028 Thread 0x0000023aa8403ad0 Thread added: 0x0000023aa8403ad0
Event: 50.081 Thread 0x0000023aa83fe9d0 Thread added: 0x0000023aa83fe9d0


Dynamic libraries:
0x00007ff6a9730000 - 0x00007ff6a973e000 	c:\Users\dell\.vscode\extensions\redhat.java-1.32.0-win32-x64\jre\17.0.11-win32-x86_64\bin\java.exe
0x00007ffff1770000 - 0x00007ffff1968000 	C:\Windows\SYSTEM32\ntdll.dll
0x00007fffef990000 - 0x00007fffefa51000 	C:\Windows\System32\KERNEL32.DLL
0x00007fffef0b0000 - 0x00007fffef3a6000 	C:\Windows\System32\KERNELBASE.dll
0x00007fffeeea0000 - 0x00007fffeefa0000 	C:\Windows\System32\ucrtbase.dll
0x00007fffea330000 - 0x00007fffea347000 	c:\Users\dell\.vscode\extensions\redhat.java-1.32.0-win32-x64\jre\17.0.11-win32-x86_64\bin\jli.dll
0x00007ffff0090000 - 0x00007ffff022f000 	C:\Windows\System32\USER32.dll
0x00007fffeee70000 - 0x00007fffeee92000 	C:\Windows\System32\win32u.dll
0x00007ffff0330000 - 0x00007ffff035b000 	C:\Windows\System32\GDI32.dll
0x00007fffef440000 - 0x00007fffef557000 	C:\Windows\System32\gdi32full.dll
0x00007fffef010000 - 0x00007fffef0ad000 	C:\Windows\System32\msvcp_win.dll
0x00007fffe7f00000 - 0x00007fffe7f1b000 	c:\Users\dell\.vscode\extensions\redhat.java-1.32.0-win32-x64\jre\17.0.11-win32-x86_64\bin\VCRUNTIME140.dll
0x00007fffd7c20000 - 0x00007fffd7eba000 	C:\Windows\WinSxS\amd64_microsoft.windows.common-controls_6595b64144ccf1df_6.0.19041.4355_none_60b8b9eb71f62e16\COMCTL32.dll
0x00007ffff05a0000 - 0x00007ffff063e000 	C:\Windows\System32\msvcrt.dll
0x00007fffef7a0000 - 0x00007fffef7cf000 	C:\Windows\System32\IMM32.DLL
0x00007fffea310000 - 0x00007fffea31c000 	c:\Users\dell\.vscode\extensions\redhat.java-1.32.0-win32-x64\jre\17.0.11-win32-x86_64\bin\vcruntime140_1.dll
0x00007fffd11c0000 - 0x00007fffd124d000 	c:\Users\dell\.vscode\extensions\redhat.java-1.32.0-win32-x64\jre\17.0.11-win32-x86_64\bin\msvcp140.dll
0x00007fff7bd60000 - 0x00007fff7c9c2000 	c:\Users\dell\.vscode\extensions\redhat.java-1.32.0-win32-x64\jre\17.0.11-win32-x86_64\bin\server\jvm.dll
0x00007ffff1680000 - 0x00007ffff1730000 	C:\Windows\System32\ADVAPI32.dll
0x00007ffff0290000 - 0x00007ffff0330000 	C:\Windows\System32\sechost.dll
0x00007ffff0720000 - 0x00007ffff0843000 	C:\Windows\System32\RPCRT4.dll
0x00007fffef610000 - 0x00007fffef637000 	C:\Windows\System32\bcrypt.dll
0x00007fffee330000 - 0x00007fffee37b000 	C:\Windows\SYSTEM32\POWRPROF.dll
0x00007fffd4d60000 - 0x00007fffd4d69000 	C:\Windows\SYSTEM32\WSOCK32.dll
0x00007ffff0360000 - 0x00007ffff03cb000 	C:\Windows\System32\WS2_32.dll
0x00007fffd91d0000 - 0x00007fffd91f7000 	C:\Windows\SYSTEM32\WINMM.dll
0x00007fffe57a0000 - 0x00007fffe57aa000 	C:\Windows\SYSTEM32\VERSION.dll
0x00007fffee1e0000 - 0x00007fffee1f2000 	C:\Windows\SYSTEM32\UMPDC.dll
0x00007fffed5f0000 - 0x00007fffed602000 	C:\Windows\SYSTEM32\kernel.appcore.dll
0x00007fffea390000 - 0x00007fffea39a000 	c:\Users\dell\.vscode\extensions\redhat.java-1.32.0-win32-x64\jre\17.0.11-win32-x86_64\bin\jimage.dll
0x00007fffec930000 - 0x00007fffecb14000 	C:\Windows\SYSTEM32\DBGHELP.DLL
0x00007fffc6a30000 - 0x00007fffc6a64000 	C:\Windows\SYSTEM32\dbgcore.DLL
0x00007fffef3b0000 - 0x00007fffef432000 	C:\Windows\System32\bcryptPrimitives.dll
0x00007fffea380000 - 0x00007fffea38e000 	c:\Users\dell\.vscode\extensions\redhat.java-1.32.0-win32-x64\jre\17.0.11-win32-x86_64\bin\instrument.dll
0x00007fffe4a90000 - 0x00007fffe4ab5000 	c:\Users\dell\.vscode\extensions\redhat.java-1.32.0-win32-x64\jre\17.0.11-win32-x86_64\bin\java.dll
0x00007fffe7ed0000 - 0x00007fffe7ee8000 	c:\Users\dell\.vscode\extensions\redhat.java-1.32.0-win32-x64\jre\17.0.11-win32-x86_64\bin\zip.dll
0x00007ffff0e80000 - 0x00007ffff15ec000 	C:\Windows\System32\SHELL32.dll
0x00007fffece40000 - 0x00007fffed5de000 	C:\Windows\SYSTEM32\windows.storage.dll
0x00007fffefbf0000 - 0x00007fffeff43000 	C:\Windows\System32\combase.dll
0x00007fffee840000 - 0x00007fffee86e000 	C:\Windows\SYSTEM32\Wldp.dll
0x00007fffefb20000 - 0x00007fffefbed000 	C:\Windows\System32\OLEAUT32.dll
0x00007ffff04f0000 - 0x00007ffff059d000 	C:\Windows\System32\SHCORE.dll
0x00007fffefac0000 - 0x00007fffefb15000 	C:\Windows\System32\shlwapi.dll
0x00007fffeed50000 - 0x00007fffeed74000 	C:\Windows\SYSTEM32\profapi.dll
0x00007fffe6cd0000 - 0x00007fffe6ce9000 	C:\Users\dell\.vscode\extensions\redhat.java-1.32.0-win32-x64\jre\17.0.11-win32-x86_64\bin\net.dll
0x00007fffe4970000 - 0x00007fffe4a7a000 	C:\Windows\SYSTEM32\WINHTTP.dll
0x00007fffee580000 - 0x00007fffee5ea000 	C:\Windows\system32\mswsock.dll
0x00007fffe3620000 - 0x00007fffe3636000 	C:\Users\dell\.vscode\extensions\redhat.java-1.32.0-win32-x64\jre\17.0.11-win32-x86_64\bin\nio.dll
0x00007fffe7eb0000 - 0x00007fffe7ec0000 	c:\Users\dell\.vscode\extensions\redhat.java-1.32.0-win32-x64\jre\17.0.11-win32-x86_64\bin\verify.dll
0x00007fffb78b0000 - 0x00007fffb78f4000 	C:\Users\dell\AppData\Roaming\Code\User\globalStorage\redhat.java\1.32.0\config_win\org.eclipse.equinox.launcher\org.eclipse.equinox.launcher.win32.win32.x86_64_1.2.1100.v20240613-2013\eclipse_11903.dll
0x00007fffeff50000 - 0x00007ffff007b000 	C:\Windows\System32\ole32.dll
0x00007fffe7e90000 - 0x00007fffe7e99000 	C:\Users\dell\.vscode\extensions\redhat.java-1.32.0-win32-x64\jre\17.0.11-win32-x86_64\bin\management.dll
0x00007fffe3610000 - 0x00007fffe361b000 	C:\Users\dell\.vscode\extensions\redhat.java-1.32.0-win32-x64\jre\17.0.11-win32-x86_64\bin\management_ext.dll
0x00007fffef7d0000 - 0x00007fffef7d8000 	C:\Windows\System32\PSAPI.DLL
0x00007fffee790000 - 0x00007fffee7a8000 	C:\Windows\SYSTEM32\CRYPTSP.dll
0x00007fffede10000 - 0x00007fffede44000 	C:\Windows\system32\rsaenh.dll
0x00007fffeed00000 - 0x00007fffeed2e000 	C:\Windows\SYSTEM32\USERENV.dll
0x00007fffee7b0000 - 0x00007fffee7bc000 	C:\Windows\SYSTEM32\CRYPTBASE.dll
0x00007fffee200000 - 0x00007fffee23b000 	C:\Windows\SYSTEM32\IPHLPAPI.DLL
0x00007ffff0080000 - 0x00007ffff0088000 	C:\Windows\System32\NSI.dll
0x00007fffe55f0000 - 0x00007fffe5607000 	C:\Windows\SYSTEM32\dhcpcsvc6.DLL
0x00007fffe60d0000 - 0x00007fffe60ed000 	C:\Windows\SYSTEM32\dhcpcsvc.DLL
0x00007fffee250000 - 0x00007fffee31a000 	C:\Windows\SYSTEM32\DNSAPI.dll
0x00007fffb6840000 - 0x00007fffb6885000 	C:\Users\dell\AppData\Local\Temp\jna-3079617\jna1981555797251452919.dll
0x00007fffd50e0000 - 0x00007fffd5107000 	C:\Users\dell\.gradle\native\c067742578af261105cb4f569cf0c3c89f3d7b1fecec35dd04571415982c5e48\windows-amd64\native-platform.dll
0x00007fffe35a0000 - 0x00007fffe35a9000 	C:\Users\dell\.vscode\extensions\redhat.java-1.32.0-win32-x64\jre\17.0.11-win32-x86_64\bin\extnet.dll

dbghelp: loaded successfully - version: 4.0.5 - missing functions: none
symbol engine: initialized successfully - sym options: 0x614 - pdb path: .;c:\Users\dell\.vscode\extensions\redhat.java-1.32.0-win32-x64\jre\17.0.11-win32-x86_64\bin;C:\Windows\SYSTEM32;C:\Windows\WinSxS\amd64_microsoft.windows.common-controls_6595b64144ccf1df_6.0.19041.4355_none_60b8b9eb71f62e16;c:\Users\dell\.vscode\extensions\redhat.java-1.32.0-win32-x64\jre\17.0.11-win32-x86_64\bin\server;C:\Users\dell\AppData\Roaming\Code\User\globalStorage\redhat.java\1.32.0\config_win\org.eclipse.equinox.launcher\org.eclipse.equinox.launcher.win32.win32.x86_64_1.2.1100.v20240613-2013;C:\Users\dell\AppData\Local\Temp\jna-3079617;C:\Users\dell\.gradle\native\c067742578af261105cb4f569cf0c3c89f3d7b1fecec35dd04571415982c5e48\windows-amd64

VM Arguments:
jvm_args: --add-modules=ALL-SYSTEM --add-opens=java.base/java.util=ALL-UNNAMED --add-opens=java.base/java.lang=ALL-UNNAMED --add-opens=java.base/sun.nio.fs=ALL-UNNAMED -Declipse.application=org.eclipse.jdt.ls.core.id1 -Dosgi.bundles.defaultStartLevel=4 -Declipse.product=org.eclipse.jdt.ls.core.product -Djava.import.generatesMetadataFilesAtProjectRoot=false -DDetectVMInstallationsJob.disabled=true -Dfile.encoding=utf8 -XX:+UseParallelGC -XX:GCTimeRatio=4 -XX:AdaptiveSizePolicyWeight=90 -Dsun.zip.disableMemoryMapping=true -Xmx1G -Xms100m -Xlog:disable -javaagent:c:\Users\dell\.vscode\extensions\redhat.java-1.32.0-win32-x64\lombok\lombok-1.18.33.jar -XX:+HeapDumpOnOutOfMemoryError -XX:HeapDumpPath=c:\Users\dell\AppData\Roaming\Code\User\workspaceStorage\d8ac69a32e3736e8fb0ee41403a71f22\redhat.java -Daether.dependencyCollector.impl=bf 
java_command: c:\Users\dell\.vscode\extensions\redhat.java-1.32.0-win32-x64\server\plugins\org.eclipse.equinox.launcher_1.6.900.v20240613-2009.jar -configuration c:\Users\dell\AppData\Roaming\Code\User\globalStorage\redhat.java\1.32.0\config_win -data c:\Users\dell\AppData\Roaming\Code\User\workspaceStorage\d8ac69a32e3736e8fb0ee41403a71f22\redhat.java\jdt_ws --pipe=\\.\pipe\lsp-e60f3905add418359f52ac4190a1ccba-sock
java_class_path (initial): c:\Users\dell\.vscode\extensions\redhat.java-1.32.0-win32-x64\server\plugins\org.eclipse.equinox.launcher_1.6.900.v20240613-2009.jar
Launcher Type: SUN_STANDARD

[Global flags]
    uintx AdaptiveSizePolicyWeight                 = 90                                        {product} {command line}
     intx CICompilerCount                          = 3                                         {product} {ergonomic}
    uintx GCTimeRatio                              = 4                                         {product} {command line}
     bool HeapDumpOnOutOfMemoryError               = true                                   {manageable} {command line}
    ccstr HeapDumpPath                             = c:\Users\dell\AppData\Roaming\Code\User\workspaceStorage\d8ac69a32e3736e8fb0ee41403a71f22\redhat.java         {manageable} {command line}
   size_t InitialHeapSize                          = 104857600                                 {product} {command line}
   size_t MaxHeapSize                              = 1073741824                                {product} {command line}
   size_t MaxNewSize                               = 357564416                                 {product} {ergonomic}
   size_t MinHeapDeltaBytes                        = 524288                                    {product} {ergonomic}
   size_t MinHeapSize                              = 104857600                                 {product} {command line}
   size_t NewSize                                  = 34603008                                  {product} {ergonomic}
    uintx NonNMethodCodeHeapSize                   = 5832780                                {pd product} {ergonomic}
    uintx NonProfiledCodeHeapSize                  = 122912730                              {pd product} {ergonomic}
   size_t OldSize                                  = 70254592                                  {product} {ergonomic}
    uintx ProfiledCodeHeapSize                     = 122912730                              {pd product} {ergonomic}
    uintx ReservedCodeCacheSize                    = 251658240                              {pd product} {ergonomic}
     bool SegmentedCodeCache                       = true                                      {product} {ergonomic}
   size_t SoftMaxHeapSize                          = 1073741824                             {manageable} {ergonomic}
     bool UseCompressedClassPointers               = true                           {product lp64_product} {ergonomic}
     bool UseCompressedOops                        = true                           {product lp64_product} {ergonomic}
     bool UseLargePagesIndividualAllocation        = false                                  {pd product} {ergonomic}
     bool UseParallelGC                            = true                                      {product} {command line}

Logging:
Log output configuration:
 #0: stdout all=off uptime,level,tags
 #1: stderr all=off uptime,level,tags

Environment Variables:
JAVA_HOME=C:\Program Files\Microsoft\jdk-17.0.11.9-hotspot\
PATH=D:\baabu\AwesomeProject\node_modules\.bin;D:\baabu\AwesomeProject\node_modules\.bin;D:\baabu\node_modules\.bin;D:\node_modules\.bin;C:\Program Files\nodejs\node_modules\npm\node_modules\@npmcli\run-script\lib\node-gyp-bin;C:\Program Files\Microsoft\jdk-17.0.11.9-hotspot\bin;C:\Program Files\Common Files\Oracle\Java\javapath;C:\Program Files (x86)\Common Files\Intel\Shared Libraries\redist\intel64\compiler;C:\Windows\system32;C:\Windows;C:\Windows\System32\Wbem;C:\Windows\System32\WindowsPowerShell\v1.0\;C:\Windows\System32\OpenSSH\;C:\Program Files\Common Files\Autodesk Shared\;C:\Program Files (x86)\NVIDIA Corporation\PhysX\Common;C:\Program Files\NVIDIA Corporation\NVIDIA NvDLISR;C:\MinGW\bin;C:\Program Files\Git\cmd;C:\Program Files\nodejs\;C:\ProgramData\chocolatey\bin;C:\Users\dell\AppData\Local\Android\Sdk\platform-tools;C:\Users\dell\AppData\Local\Android\Sdk;C:\Users\dell\AppData\Local\Microsoft\WindowsApps;C:\Users\dell\AppData\Local\Programs\Microsoft VS Code\bin;C:\Users\dell\AppData\Roaming\npm;C:\Users\dell\AppData\Local\Android\Sdk\platform-tools;C:\Users\dell\AppData\Local\Android\Sdk;
USERNAME=dell
LANG=en_US.UTF-8
OS=Windows_NT
PROCESSOR_IDENTIFIER=Intel64 Family 6 Model 142 Stepping 9, GenuineIntel
TMP=C:\Users\dell\AppData\Local\Temp
TEMP=C:\Users\dell\AppData\Local\Temp



Periodic native trim disabled


---------------  S Y S T E M  ---------------

OS:
 Windows 10 , 64 bit Build 19041 (10.0.19041.4597)
OS uptime: 0 days 1:35 hours
Hyper-V role detected

CPU: total 4 (initial active 4) (2 cores per cpu, 2 threads per core) family 6 model 142 stepping 9 microcode 0xb4, cx8, cmov, fxsr, ht, mmx, 3dnowpref, sse, sse2, sse3, ssse3, sse4.1, sse4.2, popcnt, lzcnt, tsc, tscinvbit, avx, avx2, aes, erms, clmul, bmi1, bmi2, adx, fma, vzeroupper, clflush, clflushopt, hv
Processor Information for all 4 processors :
  Max Mhz: 2901, Current Mhz: 2901, Mhz Limit: 2901

Memory: 4k page, system-wide physical 8090M (333M free)
TotalPageFile size 14510M (AvailPageFile size 3M)
current process WorkingSet (physical memory assigned to process): 235M, peak: 237M
current process commit charge ("private bytes"): 301M, peak: 302M

vm_info: OpenJDK 64-Bit Server VM (17.0.11+9) for windows-amd64 JRE (17.0.11+9), built on Apr 17 2024 06:07:48 by "admin" with MS VC++ 16.10 / 16.11 (VS2019)

END.
